[debug] [2020-12-24T14:57:42.676Z] ----------------------------------------------------------------------
[debug] [2020-12-24T14:57:42.681Z] Command:       C:\Program Files\nodejs\node.exe C:\Users\vvignesh\AppData\Roaming\npm\node_modules\firebase-tools\lib\bin\firebase.js deploy
[debug] [2020-12-24T14:57:42.682Z] CLI Version:   9.1.0
[debug] [2020-12-24T14:57:42.682Z] Platform:      win32
[debug] [2020-12-24T14:57:42.682Z] Node Version:  v12.19.0
[debug] [2020-12-24T14:57:42.697Z] Time:          Thu Dec 24 2020 20:27:42 GMT+0530 (India Standard Time)
[debug] [2020-12-24T14:57:42.698Z] ----------------------------------------------------------------------
[debug] [2020-12-24T14:57:42.699Z] 
[debug] [2020-12-24T14:57:42.759Z] > command requires scopes: ["email","openid","https://www.googleapis.com/auth/cloudplatformprojects.readonly","https://www.googleapis.com/auth/firebase","https://www.googleapis.com/auth/cloud-platform"]
[debug] [2020-12-24T14:57:42.766Z] > authorizing via signed-in user
[debug] [2020-12-24T14:57:42.767Z] [iam] checking project chatbot-1c4f2 for permissions ["firebase.projects.get","firebasehosting.sites.update"]
[debug] [2020-12-24T14:57:42.778Z] > refreshing access token with scopes: ["email","https://www.googleapis.com/auth/cloud-platform","https://www.googleapis.com/auth/cloudplatformprojects.readonly","https://www.googleapis.com/auth/firebase","openid"]
[debug] [2020-12-24T14:57:42.778Z] >>> HTTP REQUEST POST https://www.googleapis.com/oauth2/v3/token  
 <request body omitted>
[debug] [2020-12-24T14:57:44.735Z] <<< HTTP RESPONSE 200 {"pragma":"no-cache","expires":"Mon, 01 Jan 1990 00:00:00 GMT","cache-control":"no-cache, no-store, max-age=0, must-revalidate","date":"Thu, 24 Dec 2020 14:57:19 GMT","content-type":"application/json; charset=utf-8","vary":"X-Origin, Referer, Origin,Accept-Encoding","server":"scaffolding on HTTPServer2","x-xss-protection":"0","x-frame-options":"SAMEORIGIN","x-content-type-options":"nosniff","alt-svc":"h3-29=\":443\"; ma=2592000,h3-T051=\":443\"; ma=2592000,h3-Q050=\":443\"; ma=2592000,h3-Q046=\":443\"; ma=2592000,h3-Q043=\":443\"; ma=2592000,quic=\":443\"; ma=2592000; v=\"46,43\"","accept-ranges":"none","transfer-encoding":"chunked"}
[debug] [2020-12-24T14:57:44.788Z] >>> HTTP REQUEST POST https://cloudresourcemanager.googleapis.com/v1/projects/chatbot-1c4f2:testIamPermissions  
 {"permissions":["firebase.projects.get","firebasehosting.sites.update"]}
[debug] [2020-12-24T14:57:47.033Z] <<< HTTP RESPONSE 200 {"content-type":"application/json; charset=UTF-8","vary":"X-Origin, Referer, Origin,Accept-Encoding","date":"Thu, 24 Dec 2020 14:57:21 GMT","server":"ESF","cache-control":"private","x-xss-protection":"0","x-frame-options":"SAMEORIGIN","x-content-type-options":"nosniff","server-timing":"gfet4t7; dur=1297","alt-svc":"h3-29=\":443\"; ma=2592000,h3-T051=\":443\"; ma=2592000,h3-Q050=\":443\"; ma=2592000,h3-Q046=\":443\"; ma=2592000,h3-Q043=\":443\"; ma=2592000,quic=\":443\"; ma=2592000; v=\"46,43\"","accept-ranges":"none","transfer-encoding":"chunked"}
[debug] [2020-12-24T14:57:47.036Z] >>> HTTP REQUEST GET https://firebase.googleapis.com/v1beta1/projects/chatbot-1c4f2  
 
[debug] [2020-12-24T14:57:47.618Z] <<< HTTP RESPONSE 200 {"content-type":"application/json; charset=UTF-8","vary":"X-Origin, Referer, Origin,Accept-Encoding","date":"Thu, 24 Dec 2020 14:57:22 GMT","server":"ESF","cache-control":"private","x-xss-protection":"0","x-frame-options":"SAMEORIGIN","x-content-type-options":"nosniff","alt-svc":"h3-29=\":443\"; ma=2592000,h3-T051=\":443\"; ma=2592000,h3-Q050=\":443\"; ma=2592000,h3-Q046=\":443\"; ma=2592000,h3-Q043=\":443\"; ma=2592000,quic=\":443\"; ma=2592000; v=\"46,43\"","accept-ranges":"none","transfer-encoding":"chunked"}
[info] 
[info] === Deploying to 'chatbot-1c4f2'...
[info] 
[info] i  deploying hosting 
[debug] [2020-12-24T14:57:47.634Z] >>> HTTP REQUEST POST https://firebasehosting.googleapis.com/v1beta1/sites/chatbot-1c4f2/versions  
 {"config":{"rewrites":[{"glob":"**","path":"/index.html"}]},"labels":{"deployment-tool":"cli-firebase"}}
[debug] [2020-12-24T14:57:51.639Z] <<< HTTP RESPONSE 200 {"content-type":"application/json; charset=UTF-8","vary":"X-Origin, Referer, Origin,Accept-Encoding","date":"Thu, 24 Dec 2020 14:57:26 GMT","server":"ESF","cache-control":"private","x-xss-protection":"0","x-frame-options":"SAMEORIGIN","x-content-type-options":"nosniff","alt-svc":"h3-29=\":443\"; ma=2592000,h3-T051=\":443\"; ma=2592000,h3-Q050=\":443\"; ma=2592000,h3-Q046=\":443\"; ma=2592000,h3-Q043=\":443\"; ma=2592000,quic=\":443\"; ma=2592000; v=\"46,43\"","accept-ranges":"none","transfer-encoding":"chunked"}
[info] i  hosting[chatbot-1c4f2]: beginning deploy... 
[info] i  hosting[chatbot-1c4f2]: found 26 files in build 
[debug] [2020-12-24T14:57:51.775Z] > refreshing access token with scopes: []
[debug] [2020-12-24T14:57:51.775Z] >>> HTTP REQUEST POST https://www.googleapis.com/oauth2/v3/token  
 <request body omitted>
[debug] [2020-12-24T14:57:51.785Z] [hosting] hash cache [YnVpbGQ] stored for 26 files
[debug] [2020-12-24T14:57:51.786Z] [hosting][hash queue][FINAL] {"max":35,"min":2,"avg":2,"active":0,"complete":26,"success":26,"errored":0,"retried":0,"total":26,"elapsed":49}
[debug] [2020-12-24T14:57:56.445Z] <<< HTTP RESPONSE 200 {"cache-control":"no-cache, no-store, max-age=0, must-revalidate","date":"Thu, 24 Dec 2020 14:57:31 GMT","pragma":"no-cache","expires":"Mon, 01 Jan 1990 00:00:00 GMT","content-type":"application/json; charset=utf-8","vary":"X-Origin, Referer, Origin,Accept-Encoding","server":"scaffolding on HTTPServer2","x-xss-protection":"0","x-frame-options":"SAMEORIGIN","x-content-type-options":"nosniff","alt-svc":"h3-29=\":443\"; ma=2592000,h3-T051=\":443\"; ma=2592000,h3-Q050=\":443\"; ma=2592000,h3-Q046=\":443\"; ma=2592000,h3-Q043=\":443\"; ma=2592000,quic=\":443\"; ma=2592000; v=\"46,43\"","accept-ranges":"none","transfer-encoding":"chunked"}
[debug] [2020-12-24T14:57:56.549Z] >>> [apiv2][query] POST https://firebasehosting.googleapis.com/v1beta1/sites/chatbot-1c4f2/versions/06a9596e1e24b834:populateFiles [none]
[debug] [2020-12-24T14:57:56.549Z] >>> [apiv2][body] POST https://firebasehosting.googleapis.com/v1beta1/sites/chatbot-1c4f2/versions/06a9596e1e24b834:populateFiles {"files":{"/asset-manifest.json":"b4dce48ac37806de855ff4e9aa41f616b4b0474c1725aadd820ceb5ce64499ff","/favicon.ico":"eae62e993eb980ec8a25058c39d5a51feab118bd2100c4deebb2a9c158ec11f9","/index.html":"1ab49525f44a9b7e5b47a3685cf038a6b86f7ee5cd39760b884f52aeb18b88e3","/logo192.png":"3ee59515172ee198f3be375979df15ac5345183e656720a381b8872b2a39dc8b","/logo512.png":"ee7e2f3fdb8209c4b6fd7bef6ba50d1b9dba30a25bb5c3126df057e1cb6f5331","/manifest.json":"aff3449bdc238776f5d6d967f19ec491b36aed5fb7f23ccff6500736fd58494a","/robots.txt":"bfe106a3fb878dc83461c86818bf74fc1bdc7f28538ba613cd3e775516ce8b49","/static/css/main.4af5d054.chunk.css":"4183b4dd12ca2d6b382a09100bf85b7e18c66b6c303386d60757f6da0fde13cc","/static/css/main.4af5d054.chunk.css.map":"3d5a7562f043f86124085891897fb31d52fe2dabbc9cba2b7d23316df7518820","/static/js/2.00cdd975.chunk.js":"cad011b0668dfe9573d250d00b0017ae15e3e6819fb2d7be2b5bc385f31dd715","/static/js/2.00cdd975.chunk.js.LICENSE.txt":"d141b45c8c0dc568aadf2fdf265aeb8776e3193f71af1939aafa4c6801733a84","/static/js/2.00cdd975.chunk.js.map":"47654707c8cc388d9529f0728776f2e170a1c1381bd414150cec937ea3d141ba","/static/js/3.a10905a3.chunk.js":"5ee65bf485fb9d01aede73f1c45e950f59861118b52512fb8ba86032d00bf03c","/static/js/3.a10905a3.chunk.js.map":"db60d2c8de0f1fdd5f36650ca2e12170b546796c4656408885724a369969527e","/static/js/main.c37c9f74.chunk.js":"fcb72b22c42b8d657bdaeb1e38ae8f0046d55c8c6362e21c16052ac748b4a628","/static/js/main.c37c9f74.chunk.js.map":"dbb7ada97a44e1b37ff1d2c8f2e8aafef22e6eea40b70fd00432519d4cf00983","/static/js/runtime-main.992ad80f.js":"2425fac71d436b123320b7ed424b03e10d70448e4bd2ef68f84e62ba5043a825","/static/js/runtime-main.992ad80f.js.map":"86e5f6e342e97f09ec60112f5c7981283f077bd60005f97c5ce9019a9896d163","/static/media/black.3f517b5d.jpg":"7c14bf18a3549533cd169a10eecbab61df264a828de0f4135cd1ef1fab43b4b4","/static/media/blackShirt.b36cad6a.jpg":"bda72f5071e8b9a908932f9aa23d1f9b302bf79c6399ed6b5695dd08ffa304bf","/static/media/blue.c80d3ef9.jpg":"37e737047d5cfb709a4efccb64f24b17ffd4e4ae5b697bba70a61b794c232fb0","/static/media/blueShirt.41780b6e.jpg":"9239ab6348d7b632a8aa734b98a99c5ef1aeafd4a8cddef094d7748c8e7fe02f","/static/media/green.d3f38064.jpg":"5ce6d06ffc665bde8b86c56c5bb80013017da0061967dcd4208f172560e9e6ec","/static/media/greenShirt.4dc1f5f0.jpg":"88c6ccce8c7a300c669a998c71bb1ad41702b51750d1b7cb3ace3f11fca80c39","/static/media/red.92a87767.jpg":"5d0f1a2b33da9feb0e8b8709c73e159406eb071d1980ff41c57cb24f0f92a78c","/static/media/redShirt.670e7f3a.jpg":"f4abe6d2c3590e0bb2df6f37943068a9873e07155123141ebeec4ca454b9f0c1"}}
[debug] [2020-12-24T14:57:58.163Z] <<< [apiv2][status] POST https://firebasehosting.googleapis.com/v1beta1/sites/chatbot-1c4f2/versions/06a9596e1e24b834:populateFiles 200
[debug] [2020-12-24T14:57:58.163Z] <<< [apiv2][body] POST https://firebasehosting.googleapis.com/v1beta1/sites/chatbot-1c4f2/versions/06a9596e1e24b834:populateFiles {"uploadRequiredHashes":["47654707c8cc388d9529f0728776f2e170a1c1381bd414150cec937ea3d141ba"],"uploadUrl":"https://upload-firebasehosting.googleapis.com/upload/sites/chatbot-1c4f2/versions/06a9596e1e24b834/files"}
[debug] [2020-12-24T14:57:58.166Z] >>> [apiv2][query] POST https://upload-firebasehosting.googleapis.com/upload/sites/chatbot-1c4f2/versions/06a9596e1e24b834/files/47654707c8cc388d9529f0728776f2e170a1c1381bd414150cec937ea3d141ba [none]
[debug] [2020-12-24T14:57:58.167Z] >>> [apiv2][body] POST https://upload-firebasehosting.googleapis.com/upload/sites/chatbot-1c4f2/versions/06a9596e1e24b834/files/47654707c8cc388d9529f0728776f2e170a1c1381bd414150cec937ea3d141ba [stream]
[debug] [2020-12-24T14:57:58.169Z] [hosting][populate queue][FINAL] {"max":6393,"min":6393,"avg":6393,"active":0,"complete":1,"success":1,"errored":0,"retried":0,"total":1,"elapsed":6396}
[debug] [2020-12-24T14:57:58.170Z] [hosting] uploads queued: 1
[debug] [2020-12-24T14:58:32.209Z] [uploadQueue] Retrying task 47654707c8cc388d9529f0728776f2e170a1c1381bd414150cec937ea3d141ba
[debug] [2020-12-24T14:58:32.211Z] >>> [apiv2][query] POST https://upload-firebasehosting.googleapis.com/upload/sites/chatbot-1c4f2/versions/06a9596e1e24b834/files/47654707c8cc388d9529f0728776f2e170a1c1381bd414150cec937ea3d141ba [none]
[debug] [2020-12-24T14:58:32.211Z] >>> [apiv2][body] POST https://upload-firebasehosting.googleapis.com/upload/sites/chatbot-1c4f2/versions/06a9596e1e24b834/files/47654707c8cc388d9529f0728776f2e170a1c1381bd414150cec937ea3d141ba [stream]
[debug] [2020-12-24T14:59:06.644Z] [uploadQueue] Retrying task 47654707c8cc388d9529f0728776f2e170a1c1381bd414150cec937ea3d141ba
[debug] [2020-12-24T14:59:06.645Z] >>> [apiv2][query] POST https://upload-firebasehosting.googleapis.com/upload/sites/chatbot-1c4f2/versions/06a9596e1e24b834/files/47654707c8cc388d9529f0728776f2e170a1c1381bd414150cec937ea3d141ba [none]
[debug] [2020-12-24T14:59:06.646Z] >>> [apiv2][body] POST https://upload-firebasehosting.googleapis.com/upload/sites/chatbot-1c4f2/versions/06a9596e1e24b834/files/47654707c8cc388d9529f0728776f2e170a1c1381bd414150cec937ea3d141ba [stream]
